# JRE version: OpenJDK Runtime Environment JBR-11.0.12.7-1504.40-jcef (11.0.12+7) (build 11.0.12+7-b1504.40)
# Java VM: OpenJDK 64-Bit Server VM JBR-11.0.12.7-1504.40-jcef (11.0.12+7-b1504.40, mixed mode, tiered, compressed oops, g1 gc, windows-amd64)
Heap:
 garbage-first heap   total 761856K, used 164371K [0x0000000081200000, 0x0000000100000000)
  region size 1024K, 6 young (6144K), 6 survivors (6144K)
 Metaspace       used 40217K, capacity 40921K, committed 41136K, reserved 1085440K
  class space    used 4256K, capacity 4561K, committed 4608K, reserved 1048576K
GC Heap History (20 events):
Event: 13.196 GC heap after
{Heap after GC invocations=18 (full 0):
 garbage-first heap   total 139264K, used 123754K [0x0000000081200000, 0x0000000100000000)
  region size 1024K, 1 young (1024K), 1 survivors (1024K)
 Metaspace       used 29359K, capacity 29994K, committed 30128K, reserved 1075200K
  class space    used 3221K, capacity 3481K, committed 3584K, reserved 1048576K
}
Event: 13.236 GC heap before
{Heap before GC invocations=18 (full 0):
 garbage-first heap   total 139264K, used 128874K [0x0000000081200000, 0x0000000100000000)
  region size 1024K, 6 young (6144K), 1 survivors (1024K)
 Metaspace       used 29361K, capacity 29994K, committed 30128K, reserved 1075200K
  class space    used 3222K, capacity 3481K, committed 3584K, reserved 1048576K
}
Event: 13.239 GC heap after
{Heap after GC invocations=19 (full 0):
 garbage-first heap   total 139264K, used 126312K [0x0000000081200000, 0x0000000100000000)
  region size 1024K, 1 young (1024K), 1 survivors (1024K)
 Metaspace       used 29361K, capacity 29994K, committed 30128K, reserved 1075200K
  class space    used 3222K, capacity 3481K, committed 3584K, reserved 1048576K
}
Event: 13.257 GC heap before
{Heap before GC invocations=20 (full 0):
 garbage-first heap   total 139264K, used 128360K [0x0000000081200000, 0x0000000100000000)
  region size 1024K, 5 young (5120K), 1 survivors (1024K)
 Metaspace       used 29362K, capacity 29994K, committed 30128K, reserved 1075200K
  class space    used 3222K, capacity 3481K, committed 3584K, reserved 1048576K
}
Event: 13.262 GC heap after
{Heap after GC invocations=21 (full 0):
 garbage-first heap   total 167936K, used 128241K [0x0000000081200000, 0x0000000100000000)
  region size 1024K, 1 young (1024K), 1 survivors (1024K)
 Metaspace       used 29362K, capacity 29994K, committed 30128K, reserved 1075200K
  class space    used 3222K, capacity 3481K, committed 3584K, reserved 1048576K
}
Event: 13.320 GC heap before
{Heap before GC invocations=22 (full 0):
 garbage-first heap   total 167936K, used 138481K [0x0000000081200000, 0x0000000100000000)
  region size 1024K, 8 young (8192K), 1 survivors (1024K)
 Metaspace       used 29366K, capacity 29994K, committed 30128K, reserved 1075200K
  class space    used 3222K, capacity 3481K, committed 3584K, reserved 1048576K
}
Event: 13.324 GC heap after
{Heap after GC invocations=23 (full 0):
 garbage-first heap   total 167936K, used 133598K [0x0000000081200000, 0x0000000100000000)
  region size 1024K, 1 young (1024K), 1 survivors (1024K)
 Metaspace       used 29366K, capacity 29994K, committed 30128K, reserved 1075200K
  class space    used 3222K, capacity 3481K, committed 3584K, reserved 1048576K
}
Event: 13.357 GC heap before
{Heap before GC invocations=23 (full 0):
 garbage-first heap   total 167936K, used 140766K [0x0000000081200000, 0x0000000100000000)
  region size 1024K, 8 young (8192K), 1 survivors (1024K)
 Metaspace       used 29374K, capacity 30058K, committed 30384K, reserved 1077248K
  class space    used 3222K, capacity 3481K, committed 3584K, reserved 1048576K
}
Event: 13.360 GC heap after
{Heap after GC invocations=24 (full 0):
 garbage-first heap   total 167936K, used 137151K [0x0000000081200000, 0x0000000100000000)
  region size 1024K, 1 young (1024K), 1 survivors (1024K)
 Metaspace       used 29374K, capacity 30058K, committed 30384K, reserved 1077248K
  class space    used 3222K, capacity 3481K, committed 3584K, reserved 1048576K
}
Event: 13.508 GC heap before
{Heap before GC invocations=25 (full 0):
 garbage-first heap   total 167936K, used 138175K [0x0000000081200000, 0x0000000100000000)
  region size 1024K, 3 young (3072K), 1 survivors (1024K)
 Metaspace       used 29378K, capacity 30058K, committed 30384K, reserved 1077248K
  class space    used 3222K, capacity 3481K, committed 3584K, reserved 1048576K
}
Event: 13.512 GC heap after
{Heap after GC invocations=26 (full 0):
 garbage-first heap   total 167936K, used 138035K [0x0000000081200000, 0x0000000100000000)
  region size 1024K, 1 young (1024K), 1 survivors (1024K)
 Metaspace       used 29378K, capacity 30058K, committed 30384K, reserved 1077248K
  class space    used 3222K, capacity 3481K, committed 3584K, reserved 1048576K
}
Event: 13.731 GC heap before
{Heap before GC invocations=27 (full 0):
 garbage-first heap   total 167936K, used 153395K [0x0000000081200000, 0x0000000100000000)
  region size 1024K, 8 young (8192K), 1 survivors (1024K)
 Metaspace       used 31151K, capacity 31728K, committed 31792K, reserved 1077248K
  class space    used 3432K, capacity 3675K, committed 3712K, reserved 1048576K
}
Event: 13.737 GC heap after
{Heap after GC invocations=28 (full 0):
 garbage-first heap   total 283648K, used 139013K [0x0000000081200000, 0x0000000100000000)
  region size 1024K, 1 young (1024K), 1 survivors (1024K)
 Metaspace       used 31151K, capacity 31728K, committed 31792K, reserved 1077248K
  class space    used 3432K, capacity 3675K, committed 3712K, reserved 1048576K
}
Event: 14.121 GC heap before
{Heap before GC invocations=28 (full 0):
 garbage-first heap   total 283648K, used 178949K [0x0000000081200000, 0x0000000100000000)
  region size 1024K, 40 young (40960K), 1 survivors (1024K)
 Metaspace       used 32248K, capacity 32882K, committed 33200K, reserved 1079296K
  class space    used 3497K, capacity 3739K, committed 3840K, reserved 1048576K
}
Event: 14.186 GC heap after
{Heap after GC invocations=29 (full 0):
 garbage-first heap   total 283648K, used 161289K [0x0000000081200000, 0x0000000100000000)
  region size 1024K, 5 young (5120K), 5 survivors (5120K)
 Metaspace       used 32248K, capacity 32882K, committed 33200K, reserved 1079296K
  class space    used 3497K, capacity 3739K, committed 3840K, reserved 1048576K
}
Event: 14.504 GC heap before
{Heap before GC invocations=30 (full 0):
 garbage-first heap   total 283648K, used 163337K [0x0000000081200000, 0x0000000100000000)
  region size 1024K, 38 young (38912K), 5 survivors (5120K)
 Metaspace       used 32804K, capacity 33458K, committed 33712K, reserved 1079296K
  class space    used 3543K, capacity 3803K, committed 3840K, reserved 1048576K
}
Event: 14.521 GC heap after
{Heap after GC invocations=31 (full 0):
 garbage-first heap   total 283648K, used 148372K [0x0000000081200000, 0x0000000100000000)
  region size 1024K, 5 young (5120K), 5 survivors (5120K)
 Metaspace       used 32804K, capacity 33458K, committed 33712K, reserved 1079296K
  class space    used 3543K, capacity 3803K, committed 3840K, reserved 1048576K
}
Event: 15.020 GC heap before
{Heap before GC invocations=31 (full 0):
 garbage-first heap   total 283648K, used 166804K [0x0000000081200000, 0x0000000100000000)
  region size 1024K, 24 young (24576K), 5 survivors (5120K)
 Metaspace       used 37134K, capacity 37820K, committed 38192K, reserved 1083392K
  class space    used 4064K, capacity 4360K, committed 4480K, reserved 1048576K
}
Event: 15.050 GC heap after
{Heap after GC invocations=32 (full 0):
 garbage-first heap   total 283648K, used 155109K [0x0000000081200000, 0x0000000100000000)
  region size 1024K, 5 young (5120K), 5 survivors (5120K)
 Metaspace       used 37134K, capacity 37820K, committed 38192K, reserved 1083392K
  class space    used 4064K, capacity 4360K, committed 4480K, reserved 1048576K
}
Event: 15.864 GC heap before
{Heap before GC invocations=33 (full 0):
 garbage-first heap   total 283648K, used 207333K [0x0000000081200000, 0x0000000100000000)
  region size 1024K, 41 young (41984K), 5 survivors (5120K)
 Metaspace       used 40217K, capacity 40921K, committed 41136K, reserved 1085440K
  class space    used 4256K, capacity 4561K, committed 4608K, reserved 1048576K
}

